<?xml version="1.0" encoding="UTF-8"?>
<!-- Generated by org.testng.reporters.JUnitReportReporter -->
<testsuite hostname="LAPTOP-3MCIK2FB" failures="0" tests="1" name="testpackages.TestActitimeInvalidLogin" time="32.721" errors="0" timestamp="2022-11-18T01:09:00 IST" skipped="0">
  <testcase classname="testpackages.TestActitimeInvalidLogin" name="testInvalidLogin" time="32.721"/>
  <system-out>
    <![CDATA[the test has been started]]>
  </system-out>
</testsuite> <!-- testpackages.TestActitimeInvalidLogin -->
