<?xml version="1.0" encoding="UTF-8"?>
<!-- Generated by org.testng.reporters.JUnitReportReporter -->
<testsuite hostname="LAPTOP-3MCIK2FB" failures="0" tests="1" name="testpackages.TestActitimeValidLogin" time="11.096" errors="0" timestamp="2022-11-18T01:09:00 IST" skipped="0">
  <testcase classname="testpackages.TestActitimeValidLogin" name="testValidLogin" time="11.096"/>
  <system-out>
    <![CDATA[the test has been started]]>
  </system-out>
</testsuite> <!-- testpackages.TestActitimeValidLogin -->
